[2025-02-15 23:10:08,946: INFO: main: Stage Data Ingestion Stage initiated]
[2025-02-15 23:10:08,948: INFO: common: yaml file: config/config.yaml loaded successfully]
[2025-02-15 23:10:08,948: INFO: common: yaml file: params.yaml loaded successfully]
[2025-02-15 23:10:08,948: INFO: common: created directory at: artifacts]
[2025-02-15 23:10:08,948: INFO: common: created directory at: artifacts/data_ingestion]
[2025-02-15 23:10:09,826: INFO: data_ingestion: File is downloaded]
[2025-02-15 23:10:09,930: INFO: main: Stage Data Ingestion Stage COMPLETED]
[2025-02-16 08:00:33,470: INFO: config: PyTorch version 2.6.0 available.]
[2025-02-16 08:22:17,360: INFO: config: PyTorch version 2.6.0 available.]
[2025-02-16 08:22:17,585: INFO: main: Stage Data Ingestion Stage initiated]
[2025-02-16 08:22:17,586: INFO: common: yaml file: config/config.yaml loaded successfully]
[2025-02-16 08:22:17,587: INFO: common: yaml file: params.yaml loaded successfully]
[2025-02-16 08:22:17,587: INFO: common: created directory at: artifacts]
[2025-02-16 08:22:17,587: INFO: common: created directory at: artifacts/data_ingestion]
[2025-02-16 08:22:17,587: INFO: data_ingestion: File already exits]
[2025-02-16 08:22:17,917: INFO: main: Stage Data Ingestion Stage COMPLETED]
[2025-02-16 08:22:17,917: INFO: main: Stage Data Transformation Stage initiated]
[2025-02-16 08:22:17,918: INFO: common: yaml file: config/config.yaml loaded successfully]
[2025-02-16 08:22:17,918: INFO: common: yaml file: params.yaml loaded successfully]
[2025-02-16 08:22:17,919: INFO: common: created directory at: artifacts]
[2025-02-16 08:22:17,919: INFO: common: created directory at: artifacts/data_transformation]
[2025-02-16 08:22:26,827: INFO: main: Stage Data Transformation Stage COMPLETED]
